  precom.cpp
D:\dev\0xdenmuell\GLFW-Engine2\Engine\source\utilityFunc.h(9,1): warning C4267: 'initializing': conversion from 'size_t' to 'unsigned int', possible loss of data
D:\dev\0xdenmuell\GLFW-Engine2\Engine\source\utilityFunc.h(18,1): warning C4267: 'initializing': conversion from 'size_t' to 'unsigned int', possible loss of data
  main.cpp
D:\dev\0xdenmuell\GLFW-Engine2\Engine\source\window\window.h(43,42): warning C4244: 'argument': conversion from 'float' to 'int', possible loss of data
D:\dev\0xdenmuell\GLFW-Engine2\Engine\source\window\window.h(43,35): warning C4244: 'argument': conversion from 'float' to 'int', possible loss of data
D:\dev\0xdenmuell\GLFW-Engine2\Engine\source\window\window.h(62,27): warning C4244: 'argument': conversion from 'float' to 'GLsizei', possible loss of data
D:\dev\0xdenmuell\GLFW-Engine2\Engine\source\window\window.h(62,20): warning C4244: 'argument': conversion from 'float' to 'GLsizei', possible loss of data
D:\dev\0xdenmuell\GLFW-Engine2\Engine\source\camera\camera.h(82,17): warning C4244: 'initializing': conversion from 'double' to 'float', possible loss of data
D:\dev\0xdenmuell\GLFW-Engine2\Engine\source\camera\camera.h(83,17): warning C4244: 'initializing': conversion from 'double' to 'float', possible loss of data
D:\dev\0xdenmuell\GLFW-Engine2\Engine\source\camera\camera.h(84,11): warning C4244: '=': conversion from 'double' to 'float', possible loss of data
D:\dev\0xdenmuell\GLFW-Engine2\Engine\source\camera\camera.h(85,11): warning C4244: '=': conversion from 'double' to 'float', possible loss of data
D:\dev\0xdenmuell\GLFW-Engine2\Engine\source\shader\shader.h(76,34): warning C4101: 'e': unreferenced local variable
D:\dev\0xdenmuell\GLFW-Engine2\Engine\source\shader\mesh.h(75,1): warning C4267: 'argument': conversion from 'size_t' to 'GLsizei', possible loss of data
D:\dev\0xdenmuell\GLFW-Engine2\Engine\source\main.cpp(65,29): warning C4244: '=': conversion from 'double' to 'float', possible loss of data
D:\dev\0xdenmuell\GLFW-Engine2\Engine\source\main.cpp(121,30): warning C4244: '=': conversion from 'double' to 'float', possible loss of data
D:\dev\0xdenmuell\GLFW-Engine2\Engine\source\main.cpp(224,17): warning C4244: '=': conversion from 'int' to 'float', possible loss of data
D:\dev\0xdenmuell\GLFW-Engine2\Engine\source\main.cpp(225,16): warning C4244: '=': conversion from 'int' to 'float', possible loss of data
D:\dev\0xdenmuell\GLFW-Engine2\Engine\source\main.cpp(227,33): warning C4244: 'argument': conversion from 'float' to 'GLsizei', possible loss of data
D:\dev\0xdenmuell\GLFW-Engine2\Engine\source\main.cpp(227,19): warning C4244: 'argument': conversion from 'float' to 'GLsizei', possible loss of data
  glad.c
glfw3.lib(context.obj) : warning LNK4099: PDB 'glfw.pdb' was not found with 'glfw3.lib(context.obj)' or at 'D:\dev\0xdenmuell\GLFW-Engine2\x64\Debug\glfw.pdb'; linking object as if no debug info
glfw3.lib(init.obj) : warning LNK4099: PDB 'glfw.pdb' was not found with 'glfw3.lib(init.obj)' or at 'D:\dev\0xdenmuell\GLFW-Engine2\x64\Debug\glfw.pdb'; linking object as if no debug info
glfw3.lib(input.obj) : warning LNK4099: PDB 'glfw.pdb' was not found with 'glfw3.lib(input.obj)' or at 'D:\dev\0xdenmuell\GLFW-Engine2\x64\Debug\glfw.pdb'; linking object as if no debug info
glfw3.lib(monitor.obj) : warning LNK4099: PDB 'glfw.pdb' was not found with 'glfw3.lib(monitor.obj)' or at 'D:\dev\0xdenmuell\GLFW-Engine2\x64\Debug\glfw.pdb'; linking object as if no debug info
glfw3.lib(vulkan.obj) : warning LNK4099: PDB 'glfw.pdb' was not found with 'glfw3.lib(vulkan.obj)' or at 'D:\dev\0xdenmuell\GLFW-Engine2\x64\Debug\glfw.pdb'; linking object as if no debug info
glfw3.lib(window.obj) : warning LNK4099: PDB 'glfw.pdb' was not found with 'glfw3.lib(window.obj)' or at 'D:\dev\0xdenmuell\GLFW-Engine2\x64\Debug\glfw.pdb'; linking object as if no debug info
glfw3.lib(win32_init.obj) : warning LNK4099: PDB 'glfw.pdb' was not found with 'glfw3.lib(win32_init.obj)' or at 'D:\dev\0xdenmuell\GLFW-Engine2\x64\Debug\glfw.pdb'; linking object as if no debug info
glfw3.lib(win32_joystick.obj) : warning LNK4099: PDB 'glfw.pdb' was not found with 'glfw3.lib(win32_joystick.obj)' or at 'D:\dev\0xdenmuell\GLFW-Engine2\x64\Debug\glfw.pdb'; linking object as if no debug info
glfw3.lib(win32_monitor.obj) : warning LNK4099: PDB 'glfw.pdb' was not found with 'glfw3.lib(win32_monitor.obj)' or at 'D:\dev\0xdenmuell\GLFW-Engine2\x64\Debug\glfw.pdb'; linking object as if no debug info
glfw3.lib(win32_time.obj) : warning LNK4099: PDB 'glfw.pdb' was not found with 'glfw3.lib(win32_time.obj)' or at 'D:\dev\0xdenmuell\GLFW-Engine2\x64\Debug\glfw.pdb'; linking object as if no debug info
glfw3.lib(win32_thread.obj) : warning LNK4099: PDB 'glfw.pdb' was not found with 'glfw3.lib(win32_thread.obj)' or at 'D:\dev\0xdenmuell\GLFW-Engine2\x64\Debug\glfw.pdb'; linking object as if no debug info
glfw3.lib(win32_window.obj) : warning LNK4099: PDB 'glfw.pdb' was not found with 'glfw3.lib(win32_window.obj)' or at 'D:\dev\0xdenmuell\GLFW-Engine2\x64\Debug\glfw.pdb'; linking object as if no debug info
glfw3.lib(wgl_context.obj) : warning LNK4099: PDB 'glfw.pdb' was not found with 'glfw3.lib(wgl_context.obj)' or at 'D:\dev\0xdenmuell\GLFW-Engine2\x64\Debug\glfw.pdb'; linking object as if no debug info
glfw3.lib(egl_context.obj) : warning LNK4099: PDB 'glfw.pdb' was not found with 'glfw3.lib(egl_context.obj)' or at 'D:\dev\0xdenmuell\GLFW-Engine2\x64\Debug\glfw.pdb'; linking object as if no debug info
glfw3.lib(osmesa_context.obj) : warning LNK4099: PDB 'glfw.pdb' was not found with 'glfw3.lib(osmesa_context.obj)' or at 'D:\dev\0xdenmuell\GLFW-Engine2\x64\Debug\glfw.pdb'; linking object as if no debug info
  Engine.vcxproj -> D:\dev\0xdenmuell\GLFW-Engine2\x64\Debug\Engine.exe
